<?xml version="1.0" encoding="UTF-8"?>
<testng-results skipped="0" failed="0" ignored="0" total="1" passed="1">
  <reporter-output>
    <line>
      <![CDATA[Test Method resides in testRunner.Pharma_PfizerRunner]]>
    </line>
    <line>
      <![CDATA[Test Method had the following parameters : nullMedicine Change Request Form: Supporting Document Rule,]]>
    </line>
    <line>
      <![CDATA[Test Status: Pass]]>
    </line>
  </reporter-output>
  <suite name="Default suite" duration-ms="185168" started-at="2021-03-24T14:23:16Z" finished-at="2021-03-24T14:26:21Z">
    <groups>
      <group name="cucumber">
        <method signature="ExtendedTestNGRunner.feature(cucumber.api.testng.CucumberFeatureWrapper)[pri:0, instance:testRunner.Pharma_PfizerRunner@19dc67c2]" name="feature" class="com.github.mkolisnyk.cucumber.runner.ExtendedTestNGRunner"/>
      </group> <!-- cucumber -->
    </groups>
    <test name="Default test" duration-ms="185168" started-at="2021-03-24T14:23:16Z" finished-at="2021-03-24T14:26:21Z">
      <class name="testRunner.Pharma_PfizerRunner">
        <test-method status="PASS" signature="setUpClass()[pri:0, instance:testRunner.Pharma_PfizerRunner@19dc67c2]" name="setUpClass" is-config="true" duration-ms="621" started-at="2021-03-24T14:23:16Z" finished-at="2021-03-24T14:23:16Z">
          <reporter-output>
          </reporter-output>
        </test-method> <!-- setUpClass -->
        <test-method status="PASS" signature="feature(cucumber.api.testng.CucumberFeatureWrapper)[pri:0, instance:testRunner.Pharma_PfizerRunner@19dc67c2]" name="feature" duration-ms="183092" started-at="2021-03-24T14:23:17Z" description="Runs Cucumber Feature" data-provider="features" finished-at="2021-03-24T14:26:20Z">
          <params>
            <param index="0">
              <value>
                <![CDATA[Medicine Change Request Form: Supporting Document Rule]]>
              </value>
            </param>
          </params>
          <reporter-output>
            <line>
              <![CDATA[Test Method resides in testRunner.Pharma_PfizerRunner]]>
            </line>
            <line>
              <![CDATA[Test Method had the following parameters : nullMedicine Change Request Form: Supporting Document Rule,]]>
            </line>
            <line>
              <![CDATA[Test Status: Pass]]>
            </line>
          </reporter-output>
        </test-method> <!-- feature -->
        <test-method status="PASS" signature="teardown1()[pri:0, instance:testRunner.Pharma_PfizerRunner@19dc67c2]" name="teardown1" is-config="true" duration-ms="8" started-at="2021-03-24T14:26:20Z" finished-at="2021-03-24T14:26:20Z">
          <reporter-output>
          </reporter-output>
        </test-method> <!-- teardown1 -->
        <test-method status="PASS" signature="tearDownClass()[pri:0, instance:testRunner.Pharma_PfizerRunner@19dc67c2]" name="tearDownClass" is-config="true" duration-ms="771" started-at="2021-03-24T14:26:20Z" finished-at="2021-03-24T14:26:21Z">
          <reporter-output>
          </reporter-output>
        </test-method> <!-- tearDownClass -->
      </class> <!-- testRunner.Pharma_PfizerRunner -->
    </test> <!-- Default test -->
  </suite> <!-- Default suite -->
</testng-results>
